05:08:14:273 [main] INFO  c.ajit.journalApp.JournalApplication - Starting JournalApplication using Java 1.8.0_452 on AJITUPADHYAY with PID 8412 (C:\Users\AJIT UPADHYAY\Downloads\SpringBoot\journalApp\target\classes started by AJIT UPADHYAY in C:\Users\AJIT UPADHYAY\Downloads\SpringBoot\journalApp) 
05:08:14:282 [main] INFO  c.ajit.journalApp.JournalApplication - No active profile set, falling back to 1 default profile: "default" 
05:08:15:322 [main] INFO  o.s.d.r.c.RepositoryConfigurationDelegate - Bootstrapping Spring Data MongoDB repositories in DEFAULT mode. 
05:08:15:438 [main] INFO  o.s.d.r.c.RepositoryConfigurationDelegate - Finished Spring Data repository scanning in 102 ms. Found 2 MongoDB repository interfaces. 
05:08:16:800 [main] INFO  o.s.b.w.e.tomcat.TomcatWebServer - Tomcat initialized with port(s): 8082 (http) 
05:08:16:815 [main] INFO  o.a.coyote.http11.Http11NioProtocol - Initializing ProtocolHandler ["http-nio-8082"] 
05:08:16:828 [main] INFO  o.a.catalina.core.StandardService - Starting service [Tomcat] 
05:08:16:828 [main] INFO  o.a.catalina.core.StandardEngine - Starting Servlet engine: [Apache Tomcat/9.0.83] 
05:08:16:982 [main] INFO  o.a.c.c.C.[.[localhost].[/journal] - Initializing Spring embedded WebApplicationContext 
05:08:16:982 [main] INFO  o.s.b.w.s.c.ServletWebServerApplicationContext - Root WebApplicationContext: initialization completed in 2605 ms 
05:08:28:864 [main] INFO  org.mongodb.driver.client - MongoClient with metadata {"driver": {"name": "mongo-java-driver|sync|spring-boot", "version": "4.6.1"}, "os": {"type": "Windows", "name": "Windows 11", "architecture": "amd64", "version": "10.0"}, "platform": "Java/Temurin/1.8.0_452-b09", "application": {"name": "Cluster0"}} created with settings MongoClientSettings{readPreference=primary, writeConcern=WriteConcern{w=majority, wTimeout=null ms, journal=null}, retryWrites=true, retryReads=true, readConcern=ReadConcern{level=null}, credential=MongoCredential{mechanism=null, userName='ajitbaba1003', source='admin', password=<hidden>, mechanismProperties=<hidden>}, streamFactoryFactory=null, commandListeners=[], codecRegistry=ProvidersCodecRegistry{codecProviders=[ValueCodecProvider{}, BsonValueCodecProvider{}, DBRefCodecProvider{}, DBObjectCodecProvider{}, DocumentCodecProvider{}, IterableCodecProvider{}, MapCodecProvider{}, GeoJsonCodecProvider{}, GridFSFileCodecProvider{}, Jsr310CodecProvider{}, JsonObjectCodecProvider{}, BsonCodecProvider{}, EnumCodecProvider{}, com.mongodb.Jep395RecordCodecProvider@3bae64d0]}, clusterSettings={hosts=[127.0.0.1:27017], srvHost=cluster0.hs2jbtw.mongodb.net, srvServiceName=mongodb, mode=MULTIPLE, requiredClusterType=REPLICA_SET, requiredReplicaSetName='atlas-6wl3vj-shard-0', serverSelector='null', clusterListeners='[]', serverSelectionTimeout='30000 ms', localThreshold='30000 ms'}, socketSettings=SocketSettings{connectTimeoutMS=10000, readTimeoutMS=0, receiveBufferSize=0, sendBufferSize=0}, heartbeatSocketSettings=SocketSettings{connectTimeoutMS=10000, readTimeoutMS=10000, receiveBufferSize=0, sendBufferSize=0}, connectionPoolSettings=ConnectionPoolSettings{maxSize=100, minSize=0, maxWaitTimeMS=120000, maxConnectionLifeTimeMS=0, maxConnectionIdleTimeMS=0, maintenanceInitialDelayMS=0, maintenanceFrequencyMS=60000, connectionPoolListeners=[], maxConnecting=2}, serverSettings=ServerSettings{heartbeatFrequencyMS=10000, minHeartbeatFrequencyMS=500, serverListeners='[]', serverMonitorListeners='[]'}, sslSettings=SslSettings{enabled=true, invalidHostNameAllowed=false, context=null}, applicationName='Cluster0', compressorList=[], uuidRepresentation=JAVA_LEGACY, serverApi=null, autoEncryptionSettings=null, contextProvider=null} 
05:08:29:471 [main] INFO  org.mongodb.driver.cluster - Cluster description not yet available. Waiting for 30000 ms before timing out 
05:08:29:835 [cluster-ClusterId{value='68a3c43cfbe1b67b8472ff17', description='null'}-srv-cluster0.hs2jbtw.mongodb.net] INFO  org.mongodb.driver.cluster - Adding discovered server ac-1cf2dfk-shard-00-01.hs2jbtw.mongodb.net:27017 to client view of cluster 
05:08:29:895 [cluster-ClusterId{value='68a3c43cfbe1b67b8472ff17', description='null'}-srv-cluster0.hs2jbtw.mongodb.net] INFO  org.mongodb.driver.cluster - Adding discovered server ac-1cf2dfk-shard-00-02.hs2jbtw.mongodb.net:27017 to client view of cluster 
05:08:29:901 [cluster-ClusterId{value='68a3c43cfbe1b67b8472ff17', description='null'}-srv-cluster0.hs2jbtw.mongodb.net] INFO  org.mongodb.driver.cluster - Adding discovered server ac-1cf2dfk-shard-00-00.hs2jbtw.mongodb.net:27017 to client view of cluster 
05:08:29:917 [main] INFO  org.mongodb.driver.cluster - No server chosen by com.mongodb.client.internal.MongoClientDelegate$1@4eba373c from cluster description ClusterDescription{type=REPLICA_SET, connectionMode=MULTIPLE, serverDescriptions=[ServerDescription{address=ac-1cf2dfk-shard-00-01.hs2jbtw.mongodb.net:27017, type=UNKNOWN, state=CONNECTING}, ServerDescription{address=ac-1cf2dfk-shard-00-02.hs2jbtw.mongodb.net:27017, type=UNKNOWN, state=CONNECTING}, ServerDescription{address=ac-1cf2dfk-shard-00-00.hs2jbtw.mongodb.net:27017, type=UNKNOWN, state=CONNECTING}]}. Waiting for 30000 ms before timing out 
05:08:31:382 [cluster-rtt-ClusterId{value='68a3c43cfbe1b67b8472ff17', description='null'}-ac-1cf2dfk-shard-00-02.hs2jbtw.mongodb.net:27017] INFO  org.mongodb.driver.connection - Opened connection [connectionId{localValue:2, serverValue:32337}] to ac-1cf2dfk-shard-00-02.hs2jbtw.mongodb.net:27017 
05:08:31:382 [cluster-rtt-ClusterId{value='68a3c43cfbe1b67b8472ff17', description='null'}-ac-1cf2dfk-shard-00-01.hs2jbtw.mongodb.net:27017] INFO  org.mongodb.driver.connection - Opened connection [connectionId{localValue:6, serverValue:39280}] to ac-1cf2dfk-shard-00-01.hs2jbtw.mongodb.net:27017 
05:08:31:382 [cluster-ClusterId{value='68a3c43cfbe1b67b8472ff17', description='null'}-ac-1cf2dfk-shard-00-02.hs2jbtw.mongodb.net:27017] INFO  org.mongodb.driver.connection - Opened connection [connectionId{localValue:1, serverValue:32337}] to ac-1cf2dfk-shard-00-02.hs2jbtw.mongodb.net:27017 
05:08:31:382 [cluster-ClusterId{value='68a3c43cfbe1b67b8472ff17', description='null'}-ac-1cf2dfk-shard-00-01.hs2jbtw.mongodb.net:27017] INFO  org.mongodb.driver.connection - Opened connection [connectionId{localValue:4, serverValue:39280}] to ac-1cf2dfk-shard-00-01.hs2jbtw.mongodb.net:27017 
05:08:31:382 [cluster-ClusterId{value='68a3c43cfbe1b67b8472ff17', description='null'}-ac-1cf2dfk-shard-00-02.hs2jbtw.mongodb.net:27017] INFO  org.mongodb.driver.cluster - Monitor thread successfully connected to server with description ServerDescription{address=ac-1cf2dfk-shard-00-02.hs2jbtw.mongodb.net:27017, type=REPLICA_SET_SECONDARY, state=CONNECTED, ok=true, minWireVersion=0, maxWireVersion=25, maxDocumentSize=16777216, logicalSessionTimeoutMinutes=30, roundTripTimeNanos=730288100, setName='atlas-6wl3vj-shard-0', canonicalAddress=ac-1cf2dfk-shard-00-02.hs2jbtw.mongodb.net:27017, hosts=[ac-1cf2dfk-shard-00-01.hs2jbtw.mongodb.net:27017, ac-1cf2dfk-shard-00-02.hs2jbtw.mongodb.net:27017, ac-1cf2dfk-shard-00-00.hs2jbtw.mongodb.net:27017], passives=[], arbiters=[], primary='ac-1cf2dfk-shard-00-01.hs2jbtw.mongodb.net:27017', tagSet=TagSet{[Tag{name='availabilityZone', value='aps1-az2'}, Tag{name='diskState', value='READY'}, Tag{name='nodeType', value='ELECTABLE'}, Tag{name='provider', value='AWS'}, Tag{name='region', value='AP_SOUTH_1'}, Tag{name='workloadType', value='OPERATIONAL'}]}, electionId=null, setVersion=294, topologyVersion=TopologyVersion{processId=68a22f258a993b015da10b25, counter=3}, lastWriteDate=Tue Aug 19 05:54:30 IST 2025, lastUpdateTimeNanos=321795382806000} 
05:08:31:382 [cluster-ClusterId{value='68a3c43cfbe1b67b8472ff17', description='null'}-ac-1cf2dfk-shard-00-01.hs2jbtw.mongodb.net:27017] INFO  org.mongodb.driver.cluster - Monitor thread successfully connected to server with description ServerDescription{address=ac-1cf2dfk-shard-00-01.hs2jbtw.mongodb.net:27017, type=REPLICA_SET_PRIMARY, state=CONNECTED, ok=true, minWireVersion=0, maxWireVersion=25, maxDocumentSize=16777216, logicalSessionTimeoutMinutes=30, roundTripTimeNanos=728821000, setName='atlas-6wl3vj-shard-0', canonicalAddress=ac-1cf2dfk-shard-00-01.hs2jbtw.mongodb.net:27017, hosts=[ac-1cf2dfk-shard-00-01.hs2jbtw.mongodb.net:27017, ac-1cf2dfk-shard-00-02.hs2jbtw.mongodb.net:27017, ac-1cf2dfk-shard-00-00.hs2jbtw.mongodb.net:27017], passives=[], arbiters=[], primary='ac-1cf2dfk-shard-00-01.hs2jbtw.mongodb.net:27017', tagSet=TagSet{[Tag{name='availabilityZone', value='aps1-az3'}, Tag{name='diskState', value='READY'}, Tag{name='nodeType', value='ELECTABLE'}, Tag{name='provider', value='AWS'}, Tag{name='region', value='AP_SOUTH_1'}, Tag{name='workloadType', value='OPERATIONAL'}]}, electionId=7fffffff0000000000000120, setVersion=294, topologyVersion=TopologyVersion{processId=68a22bf3eab021e829e2f7a7, counter=6}, lastWriteDate=Tue Aug 19 05:54:30 IST 2025, lastUpdateTimeNanos=321795382800000} 
05:08:31:398 [cluster-ClusterId{value='68a3c43cfbe1b67b8472ff17', description='null'}-ac-1cf2dfk-shard-00-01.hs2jbtw.mongodb.net:27017] INFO  org.mongodb.driver.cluster - Setting max election id to 7fffffff0000000000000120 from replica set primary ac-1cf2dfk-shard-00-01.hs2jbtw.mongodb.net:27017 
05:08:31:399 [cluster-ClusterId{value='68a3c43cfbe1b67b8472ff17', description='null'}-ac-1cf2dfk-shard-00-01.hs2jbtw.mongodb.net:27017] INFO  org.mongodb.driver.cluster - Setting max set version to 294 from replica set primary ac-1cf2dfk-shard-00-01.hs2jbtw.mongodb.net:27017 
05:08:31:399 [cluster-ClusterId{value='68a3c43cfbe1b67b8472ff17', description='null'}-ac-1cf2dfk-shard-00-01.hs2jbtw.mongodb.net:27017] INFO  org.mongodb.driver.cluster - Discovered replica set primary ac-1cf2dfk-shard-00-01.hs2jbtw.mongodb.net:27017 
05:08:31:424 [cluster-rtt-ClusterId{value='68a3c43cfbe1b67b8472ff17', description='null'}-ac-1cf2dfk-shard-00-00.hs2jbtw.mongodb.net:27017] INFO  org.mongodb.driver.connection - Opened connection [connectionId{localValue:5, serverValue:36538}] to ac-1cf2dfk-shard-00-00.hs2jbtw.mongodb.net:27017 
05:08:31:447 [cluster-ClusterId{value='68a3c43cfbe1b67b8472ff17', description='null'}-ac-1cf2dfk-shard-00-00.hs2jbtw.mongodb.net:27017] INFO  org.mongodb.driver.connection - Opened connection [connectionId{localValue:3, serverValue:36538}] to ac-1cf2dfk-shard-00-00.hs2jbtw.mongodb.net:27017 
05:08:31:450 [cluster-ClusterId{value='68a3c43cfbe1b67b8472ff17', description='null'}-ac-1cf2dfk-shard-00-00.hs2jbtw.mongodb.net:27017] INFO  org.mongodb.driver.cluster - Monitor thread successfully connected to server with description ServerDescription{address=ac-1cf2dfk-shard-00-00.hs2jbtw.mongodb.net:27017, type=REPLICA_SET_SECONDARY, state=CONNECTED, ok=true, minWireVersion=0, maxWireVersion=25, maxDocumentSize=16777216, logicalSessionTimeoutMinutes=30, roundTripTimeNanos=796750800, setName='atlas-6wl3vj-shard-0', canonicalAddress=ac-1cf2dfk-shard-00-00.hs2jbtw.mongodb.net:27017, hosts=[ac-1cf2dfk-shard-00-01.hs2jbtw.mongodb.net:27017, ac-1cf2dfk-shard-00-02.hs2jbtw.mongodb.net:27017, ac-1cf2dfk-shard-00-00.hs2jbtw.mongodb.net:27017], passives=[], arbiters=[], primary='ac-1cf2dfk-shard-00-01.hs2jbtw.mongodb.net:27017', tagSet=TagSet{[Tag{name='availabilityZone', value='aps1-az1'}, Tag{name='diskState', value='READY'}, Tag{name='nodeType', value='ELECTABLE'}, Tag{name='provider', value='AWS'}, Tag{name='region', value='AP_SOUTH_1'}, Tag{name='workloadType', value='OPERATIONAL'}]}, electionId=null, setVersion=294, topologyVersion=TopologyVersion{processId=68a22947de1488a6f8aca832, counter=4}, lastWriteDate=Tue Aug 19 05:54:30 IST 2025, lastUpdateTimeNanos=321795453430800} 
05:08:31:992 [main] INFO  org.mongodb.driver.connection - Opened connection [connectionId{localValue:7, serverValue:39456}] to ac-1cf2dfk-shard-00-01.hs2jbtw.mongodb.net:27017 
05:08:33:168 [main] INFO  o.s.s.web.DefaultSecurityFilterChain - Will secure any request with [org.springframework.security.web.session.DisableEncodeUrlFilter@75babb67, org.springframework.security.web.context.request.async.WebAsyncManagerIntegrationFilter@3eb3232b, org.springframework.security.web.context.SecurityContextPersistenceFilter@7c0777b5, org.springframework.security.web.header.HeaderWriterFilter@316acbb5, org.springframework.security.web.authentication.logout.LogoutFilter@3b1dc579, org.springframework.security.web.authentication.www.BasicAuthenticationFilter@52a33c3f, org.springframework.security.web.savedrequest.RequestCacheAwareFilter@2a39aa2b, org.springframework.security.web.servletapi.SecurityContextHolderAwareRequestFilter@254449bb, org.springframework.security.web.authentication.AnonymousAuthenticationFilter@69cd1085, org.springframework.security.web.session.SessionManagementFilter@5b7aa898, org.springframework.security.web.access.ExceptionTranslationFilter@53a84ff4, org.springframework.security.web.access.intercept.FilterSecurityInterceptor@314b9e4b] 
05:08:33:746 [main] INFO  o.a.coyote.http11.Http11NioProtocol - Starting ProtocolHandler ["http-nio-8082"] 
05:08:33:800 [main] INFO  o.s.b.w.e.tomcat.TomcatWebServer - Tomcat started on port(s): 8082 (http) with context path '/journal' 
05:08:33:822 [main] INFO  c.ajit.journalApp.JournalApplication - Started JournalApplication in 20.144 seconds (JVM running for 20.837) 
05:08:39:286 [cluster-ClusterId{value='68a3c43cfbe1b67b8472ff17', description='null'}-ac-1cf2dfk-shard-00-00.hs2jbtw.mongodb.net:27017] INFO  org.mongodb.driver.cluster - Exception in monitor thread while connecting to server ac-1cf2dfk-shard-00-00.hs2jbtw.mongodb.net:27017 
com.mongodb.MongoSocketReadException: Exception receiving message
	at com.mongodb.internal.connection.InternalStreamConnection.translateReadException(InternalStreamConnection.java:702)
	at com.mongodb.internal.connection.InternalStreamConnection.receiveMessageWithAdditionalTimeout(InternalStreamConnection.java:574)
	at com.mongodb.internal.connection.InternalStreamConnection.receiveCommandMessageResponse(InternalStreamConnection.java:410)
	at com.mongodb.internal.connection.InternalStreamConnection.receive(InternalStreamConnection.java:369)
	at com.mongodb.internal.connection.DefaultServerMonitor$ServerMonitorRunnable.lookupServerDescription(DefaultServerMonitor.java:221)
	at com.mongodb.internal.connection.DefaultServerMonitor$ServerMonitorRunnable.run(DefaultServerMonitor.java:157)
	at java.lang.Thread.run(Thread.java:750)
Caused by: java.net.SocketException: Socket is closed
	at java.net.Socket.setSoTimeout(Socket.java:1155)
	at sun.security.ssl.BaseSSLSocketImpl.setSoTimeout(BaseSSLSocketImpl.java:637)
	at sun.security.ssl.SSLSocketImpl.setSoTimeout(SSLSocketImpl.java:73)
	at com.mongodb.internal.connection.SocketStream.read(SocketStream.java:137)
	at com.mongodb.internal.connection.InternalStreamConnection.receiveResponseBuffers(InternalStreamConnection.java:713)
	at com.mongodb.internal.connection.InternalStreamConnection.receiveMessageWithAdditionalTimeout(InternalStreamConnection.java:571)
	... 5 common frames omitted
05:08:39:288 [cluster-ClusterId{value='68a3c43cfbe1b67b8472ff17', description='null'}-ac-1cf2dfk-shard-00-01.hs2jbtw.mongodb.net:27017] INFO  org.mongodb.driver.cluster - Exception in monitor thread while connecting to server ac-1cf2dfk-shard-00-01.hs2jbtw.mongodb.net:27017 
com.mongodb.MongoSocketReadException: Exception receiving message
	at com.mongodb.internal.connection.InternalStreamConnection.translateReadException(InternalStreamConnection.java:702)
	at com.mongodb.internal.connection.InternalStreamConnection.receiveMessageWithAdditionalTimeout(InternalStreamConnection.java:574)
	at com.mongodb.internal.connection.InternalStreamConnection.receiveCommandMessageResponse(InternalStreamConnection.java:410)
	at com.mongodb.internal.connection.InternalStreamConnection.receive(InternalStreamConnection.java:369)
	at com.mongodb.internal.connection.DefaultServerMonitor$ServerMonitorRunnable.lookupServerDescription(DefaultServerMonitor.java:221)
	at com.mongodb.internal.connection.DefaultServerMonitor$ServerMonitorRunnable.run(DefaultServerMonitor.java:157)
	at java.lang.Thread.run(Thread.java:750)
Caused by: java.net.SocketException: Socket is closed
	at java.net.Socket.setSoTimeout(Socket.java:1155)
	at sun.security.ssl.BaseSSLSocketImpl.setSoTimeout(BaseSSLSocketImpl.java:637)
	at sun.security.ssl.SSLSocketImpl.setSoTimeout(SSLSocketImpl.java:73)
	at com.mongodb.internal.connection.SocketStream.read(SocketStream.java:137)
	at com.mongodb.internal.connection.InternalStreamConnection.receiveResponseBuffers(InternalStreamConnection.java:713)
	at com.mongodb.internal.connection.InternalStreamConnection.receiveMessageWithAdditionalTimeout(InternalStreamConnection.java:571)
	... 5 common frames omitted
05:08:39:288 [cluster-ClusterId{value='68a3c43cfbe1b67b8472ff17', description='null'}-ac-1cf2dfk-shard-00-02.hs2jbtw.mongodb.net:27017] INFO  org.mongodb.driver.cluster - Exception in monitor thread while connecting to server ac-1cf2dfk-shard-00-02.hs2jbtw.mongodb.net:27017 
com.mongodb.MongoSocketReadException: Exception receiving message
	at com.mongodb.internal.connection.InternalStreamConnection.translateReadException(InternalStreamConnection.java:702)
	at com.mongodb.internal.connection.InternalStreamConnection.receiveMessageWithAdditionalTimeout(InternalStreamConnection.java:574)
	at com.mongodb.internal.connection.InternalStreamConnection.receiveCommandMessageResponse(InternalStreamConnection.java:410)
	at com.mongodb.internal.connection.InternalStreamConnection.receive(InternalStreamConnection.java:369)
	at com.mongodb.internal.connection.DefaultServerMonitor$ServerMonitorRunnable.lookupServerDescription(DefaultServerMonitor.java:221)
	at com.mongodb.internal.connection.DefaultServerMonitor$ServerMonitorRunnable.run(DefaultServerMonitor.java:157)
	at java.lang.Thread.run(Thread.java:750)
Caused by: java.net.SocketException: Socket is closed
	at java.net.Socket.setSoTimeout(Socket.java:1155)
	at sun.security.ssl.BaseSSLSocketImpl.setSoTimeout(BaseSSLSocketImpl.java:637)
	at sun.security.ssl.SSLSocketImpl.setSoTimeout(SSLSocketImpl.java:73)
	at com.mongodb.internal.connection.SocketStream.read(SocketStream.java:137)
	at com.mongodb.internal.connection.InternalStreamConnection.receiveResponseBuffers(InternalStreamConnection.java:713)
	at com.mongodb.internal.connection.InternalStreamConnection.receiveMessageWithAdditionalTimeout(InternalStreamConnection.java:571)
	... 5 common frames omitted
05:08:39:337 [cluster-ClusterId{value='68a3c43cfbe1b67b8472ff17', description='null'}-ac-1cf2dfk-shard-00-00.hs2jbtw.mongodb.net:27017] INFO  org.mongodb.driver.cluster - Exception in monitor thread while connecting to server ac-1cf2dfk-shard-00-00.hs2jbtw.mongodb.net:27017 
com.mongodb.MongoSocketOpenException: Exception opening socket
	at com.mongodb.internal.connection.SocketStream.open(SocketStream.java:70)
	at com.mongodb.internal.connection.InternalStreamConnection.open(InternalStreamConnection.java:180)
	at com.mongodb.internal.connection.DefaultServerMonitor$ServerMonitorRunnable.lookupServerDescription(DefaultServerMonitor.java:193)
	at com.mongodb.internal.connection.DefaultServerMonitor$ServerMonitorRunnable.run(DefaultServerMonitor.java:157)
	at java.lang.Thread.run(Thread.java:750)
Caused by: java.net.SocketException: Network is unreachable: connect
	at java.net.DualStackPlainSocketImpl.waitForConnect(Native Method)
	at java.net.DualStackPlainSocketImpl.socketConnect(DualStackPlainSocketImpl.java:85)
	at java.net.AbstractPlainSocketImpl.doConnect(AbstractPlainSocketImpl.java:350)
	at java.net.AbstractPlainSocketImpl.connectToAddress(AbstractPlainSocketImpl.java:206)
	at java.net.AbstractPlainSocketImpl.connect(AbstractPlainSocketImpl.java:188)
	at java.net.PlainSocketImpl.connect(PlainSocketImpl.java:172)
	at java.net.SocksSocketImpl.connect(SocksSocketImpl.java:392)
	at java.net.Socket.connect(Socket.java:607)
	at sun.security.ssl.SSLSocketImpl.connect(SSLSocketImpl.java:293)
	at com.mongodb.internal.connection.SocketStreamHelper.initialize(SocketStreamHelper.java:107)
	at com.mongodb.internal.connection.SocketStream.initializeSocket(SocketStream.java:79)
	at com.mongodb.internal.connection.SocketStream.open(SocketStream.java:65)
	... 4 common frames omitted
05:08:39:340 [cluster-ClusterId{value='68a3c43cfbe1b67b8472ff17', description='null'}-ac-1cf2dfk-shard-00-02.hs2jbtw.mongodb.net:27017] INFO  org.mongodb.driver.cluster - Exception in monitor thread while connecting to server ac-1cf2dfk-shard-00-02.hs2jbtw.mongodb.net:27017 
com.mongodb.MongoSocketOpenException: Exception opening socket
	at com.mongodb.internal.connection.SocketStream.open(SocketStream.java:70)
	at com.mongodb.internal.connection.InternalStreamConnection.open(InternalStreamConnection.java:180)
	at com.mongodb.internal.connection.DefaultServerMonitor$ServerMonitorRunnable.lookupServerDescription(DefaultServerMonitor.java:193)
	at com.mongodb.internal.connection.DefaultServerMonitor$ServerMonitorRunnable.run(DefaultServerMonitor.java:157)
	at java.lang.Thread.run(Thread.java:750)
Caused by: java.net.SocketException: Network is unreachable: connect
	at java.net.DualStackPlainSocketImpl.waitForConnect(Native Method)
	at java.net.DualStackPlainSocketImpl.socketConnect(DualStackPlainSocketImpl.java:85)
	at java.net.AbstractPlainSocketImpl.doConnect(AbstractPlainSocketImpl.java:350)
	at java.net.AbstractPlainSocketImpl.connectToAddress(AbstractPlainSocketImpl.java:206)
	at java.net.AbstractPlainSocketImpl.connect(AbstractPlainSocketImpl.java:188)
	at java.net.PlainSocketImpl.connect(PlainSocketImpl.java:172)
	at java.net.SocksSocketImpl.connect(SocksSocketImpl.java:392)
	at java.net.Socket.connect(Socket.java:607)
	at sun.security.ssl.SSLSocketImpl.connect(SSLSocketImpl.java:293)
	at com.mongodb.internal.connection.SocketStreamHelper.initialize(SocketStreamHelper.java:107)
	at com.mongodb.internal.connection.SocketStream.initializeSocket(SocketStream.java:79)
	at com.mongodb.internal.connection.SocketStream.open(SocketStream.java:65)
	... 4 common frames omitted
05:08:39:349 [cluster-ClusterId{value='68a3c43cfbe1b67b8472ff17', description='null'}-ac-1cf2dfk-shard-00-01.hs2jbtw.mongodb.net:27017] INFO  org.mongodb.driver.cluster - Exception in monitor thread while connecting to server ac-1cf2dfk-shard-00-01.hs2jbtw.mongodb.net:27017 
com.mongodb.MongoSocketOpenException: Exception opening socket
	at com.mongodb.internal.connection.SocketStream.open(SocketStream.java:70)
	at com.mongodb.internal.connection.InternalStreamConnection.open(InternalStreamConnection.java:180)
	at com.mongodb.internal.connection.DefaultServerMonitor$ServerMonitorRunnable.lookupServerDescription(DefaultServerMonitor.java:193)
	at com.mongodb.internal.connection.DefaultServerMonitor$ServerMonitorRunnable.run(DefaultServerMonitor.java:157)
	at java.lang.Thread.run(Thread.java:750)
Caused by: java.net.SocketException: Network is unreachable: connect
	at java.net.DualStackPlainSocketImpl.waitForConnect(Native Method)
	at java.net.DualStackPlainSocketImpl.socketConnect(DualStackPlainSocketImpl.java:85)
	at java.net.AbstractPlainSocketImpl.doConnect(AbstractPlainSocketImpl.java:350)
	at java.net.AbstractPlainSocketImpl.connectToAddress(AbstractPlainSocketImpl.java:206)
	at java.net.AbstractPlainSocketImpl.connect(AbstractPlainSocketImpl.java:188)
	at java.net.PlainSocketImpl.connect(PlainSocketImpl.java:172)
	at java.net.SocksSocketImpl.connect(SocksSocketImpl.java:392)
	at java.net.Socket.connect(Socket.java:607)
	at sun.security.ssl.SSLSocketImpl.connect(SSLSocketImpl.java:293)
	at com.mongodb.internal.connection.SocketStreamHelper.initialize(SocketStreamHelper.java:107)
	at com.mongodb.internal.connection.SocketStream.initializeSocket(SocketStream.java:79)
	at com.mongodb.internal.connection.SocketStream.open(SocketStream.java:65)
	... 4 common frames omitted
05:08:49:716 [cluster-ClusterId{value='68a3c43cfbe1b67b8472ff17', description='null'}-ac-1cf2dfk-shard-00-00.hs2jbtw.mongodb.net:27017] INFO  org.mongodb.driver.connection - Opened connection [connectionId{localValue:11, serverValue:36547}] to ac-1cf2dfk-shard-00-00.hs2jbtw.mongodb.net:27017 
05:08:49:716 [cluster-ClusterId{value='68a3c43cfbe1b67b8472ff17', description='null'}-ac-1cf2dfk-shard-00-00.hs2jbtw.mongodb.net:27017] INFO  org.mongodb.driver.cluster - Monitor thread successfully connected to server with description ServerDescription{address=ac-1cf2dfk-shard-00-00.hs2jbtw.mongodb.net:27017, type=REPLICA_SET_SECONDARY, state=CONNECTED, ok=true, minWireVersion=0, maxWireVersion=25, maxDocumentSize=16777216, logicalSessionTimeoutMinutes=30, roundTripTimeNanos=234449300, setName='atlas-6wl3vj-shard-0', canonicalAddress=ac-1cf2dfk-shard-00-00.hs2jbtw.mongodb.net:27017, hosts=[ac-1cf2dfk-shard-00-01.hs2jbtw.mongodb.net:27017, ac-1cf2dfk-shard-00-02.hs2jbtw.mongodb.net:27017, ac-1cf2dfk-shard-00-00.hs2jbtw.mongodb.net:27017], passives=[], arbiters=[], primary='ac-1cf2dfk-shard-00-01.hs2jbtw.mongodb.net:27017', tagSet=TagSet{[Tag{name='availabilityZone', value='aps1-az1'}, Tag{name='diskState', value='READY'}, Tag{name='nodeType', value='ELECTABLE'}, Tag{name='provider', value='AWS'}, Tag{name='region', value='AP_SOUTH_1'}, Tag{name='workloadType', value='OPERATIONAL'}]}, electionId=null, setVersion=294, topologyVersion=TopologyVersion{processId=68a22947de1488a6f8aca832, counter=4}, lastWriteDate=Tue Aug 19 05:54:48 IST 2025, lastUpdateTimeNanos=321813722093700} 
05:08:49:727 [cluster-ClusterId{value='68a3c43cfbe1b67b8472ff17', description='null'}-ac-1cf2dfk-shard-00-02.hs2jbtw.mongodb.net:27017] INFO  org.mongodb.driver.connection - Opened connection [connectionId{localValue:12, serverValue:32341}] to ac-1cf2dfk-shard-00-02.hs2jbtw.mongodb.net:27017 
05:08:49:729 [cluster-ClusterId{value='68a3c43cfbe1b67b8472ff17', description='null'}-ac-1cf2dfk-shard-00-02.hs2jbtw.mongodb.net:27017] INFO  org.mongodb.driver.cluster - Monitor thread successfully connected to server with description ServerDescription{address=ac-1cf2dfk-shard-00-02.hs2jbtw.mongodb.net:27017, type=REPLICA_SET_SECONDARY, state=CONNECTED, ok=true, minWireVersion=0, maxWireVersion=25, maxDocumentSize=16777216, logicalSessionTimeoutMinutes=30, roundTripTimeNanos=226460900, setName='atlas-6wl3vj-shard-0', canonicalAddress=ac-1cf2dfk-shard-00-02.hs2jbtw.mongodb.net:27017, hosts=[ac-1cf2dfk-shard-00-01.hs2jbtw.mongodb.net:27017, ac-1cf2dfk-shard-00-02.hs2jbtw.mongodb.net:27017, ac-1cf2dfk-shard-00-00.hs2jbtw.mongodb.net:27017], passives=[], arbiters=[], primary='ac-1cf2dfk-shard-00-01.hs2jbtw.mongodb.net:27017', tagSet=TagSet{[Tag{name='availabilityZone', value='aps1-az2'}, Tag{name='diskState', value='READY'}, Tag{name='nodeType', value='ELECTABLE'}, Tag{name='provider', value='AWS'}, Tag{name='region', value='AP_SOUTH_1'}, Tag{name='workloadType', value='OPERATIONAL'}]}, electionId=null, setVersion=294, topologyVersion=TopologyVersion{processId=68a22f258a993b015da10b25, counter=3}, lastWriteDate=Tue Aug 19 05:54:48 IST 2025, lastUpdateTimeNanos=321813732824100} 
05:08:49:788 [cluster-ClusterId{value='68a3c43cfbe1b67b8472ff17', description='null'}-ac-1cf2dfk-shard-00-01.hs2jbtw.mongodb.net:27017] INFO  org.mongodb.driver.connection - Opened connection [connectionId{localValue:13, serverValue:39288}] to ac-1cf2dfk-shard-00-01.hs2jbtw.mongodb.net:27017 
05:08:49:790 [cluster-ClusterId{value='68a3c43cfbe1b67b8472ff17', description='null'}-ac-1cf2dfk-shard-00-01.hs2jbtw.mongodb.net:27017] INFO  org.mongodb.driver.cluster - Monitor thread successfully connected to server with description ServerDescription{address=ac-1cf2dfk-shard-00-01.hs2jbtw.mongodb.net:27017, type=REPLICA_SET_PRIMARY, state=CONNECTED, ok=true, minWireVersion=0, maxWireVersion=25, maxDocumentSize=16777216, logicalSessionTimeoutMinutes=30, roundTripTimeNanos=277430900, setName='atlas-6wl3vj-shard-0', canonicalAddress=ac-1cf2dfk-shard-00-01.hs2jbtw.mongodb.net:27017, hosts=[ac-1cf2dfk-shard-00-01.hs2jbtw.mongodb.net:27017, ac-1cf2dfk-shard-00-02.hs2jbtw.mongodb.net:27017, ac-1cf2dfk-shard-00-00.hs2jbtw.mongodb.net:27017], passives=[], arbiters=[], primary='ac-1cf2dfk-shard-00-01.hs2jbtw.mongodb.net:27017', tagSet=TagSet{[Tag{name='availabilityZone', value='aps1-az3'}, Tag{name='diskState', value='READY'}, Tag{name='nodeType', value='ELECTABLE'}, Tag{name='provider', value='AWS'}, Tag{name='region', value='AP_SOUTH_1'}, Tag{name='workloadType', value='OPERATIONAL'}]}, electionId=7fffffff0000000000000120, setVersion=294, topologyVersion=TopologyVersion{processId=68a22bf3eab021e829e2f7a7, counter=6}, lastWriteDate=Tue Aug 19 05:54:48 IST 2025, lastUpdateTimeNanos=321813793830000} 
05:08:49:790 [cluster-ClusterId{value='68a3c43cfbe1b67b8472ff17', description='null'}-ac-1cf2dfk-shard-00-01.hs2jbtw.mongodb.net:27017] INFO  org.mongodb.driver.cluster - Discovered replica set primary ac-1cf2dfk-shard-00-01.hs2jbtw.mongodb.net:27017 
05:08:51:642 [cluster-rtt-ClusterId{value='68a3c43cfbe1b67b8472ff17', description='null'}-ac-1cf2dfk-shard-00-01.hs2jbtw.mongodb.net:27017] INFO  org.mongodb.driver.connection - Opened connection [connectionId{localValue:14, serverValue:39427}] to ac-1cf2dfk-shard-00-01.hs2jbtw.mongodb.net:27017 
05:08:51:658 [cluster-rtt-ClusterId{value='68a3c43cfbe1b67b8472ff17', description='null'}-ac-1cf2dfk-shard-00-02.hs2jbtw.mongodb.net:27017] INFO  org.mongodb.driver.connection - Opened connection [connectionId{localValue:15, serverValue:32347}] to ac-1cf2dfk-shard-00-02.hs2jbtw.mongodb.net:27017 
05:08:51:716 [cluster-rtt-ClusterId{value='68a3c43cfbe1b67b8472ff17', description='null'}-ac-1cf2dfk-shard-00-00.hs2jbtw.mongodb.net:27017] INFO  org.mongodb.driver.connection - Opened connection [connectionId{localValue:16, serverValue:36548}] to ac-1cf2dfk-shard-00-00.hs2jbtw.mongodb.net:27017 
05:08:41:314 [http-nio-8082-exec-1] INFO  o.a.c.c.C.[.[localhost].[/journal] - Initializing Spring DispatcherServlet 'dispatcherServlet' 
05:08:41:314 [http-nio-8082-exec-1] INFO  o.s.web.servlet.DispatcherServlet - Initializing Servlet 'dispatcherServlet' 
05:08:41:318 [http-nio-8082-exec-1] INFO  o.s.web.servlet.DispatcherServlet - Completed initialization in 2 ms 
05:08:42:364 [http-nio-8082-exec-1] INFO  org.mongodb.driver.connection - Opened connection [connectionId{localValue:17, serverValue:39376}] to ac-1cf2dfk-shard-00-01.hs2jbtw.mongodb.net:27017 
05:08:29:439 [main] INFO  c.ajit.journalApp.JournalApplication - Starting JournalApplication using Java 1.8.0_452 on AJITUPADHYAY with PID 17012 (C:\Users\AJIT UPADHYAY\Downloads\SpringBoot\journalApp\target\classes started by AJIT UPADHYAY in C:\Users\AJIT UPADHYAY\Downloads\SpringBoot\journalApp) 
05:08:29:447 [main] INFO  c.ajit.journalApp.JournalApplication - No active profile set, falling back to 1 default profile: "default" 
05:08:30:472 [main] INFO  o.s.d.r.c.RepositoryConfigurationDelegate - Bootstrapping Spring Data MongoDB repositories in DEFAULT mode. 
05:08:30:588 [main] INFO  o.s.d.r.c.RepositoryConfigurationDelegate - Finished Spring Data repository scanning in 96 ms. Found 2 MongoDB repository interfaces. 
05:08:31:746 [main] INFO  o.s.b.w.e.tomcat.TomcatWebServer - Tomcat initialized with port(s): 8082 (http) 
05:08:31:746 [main] INFO  o.a.coyote.http11.Http11NioProtocol - Initializing ProtocolHandler ["http-nio-8082"] 
05:08:31:760 [main] INFO  o.a.catalina.core.StandardService - Starting service [Tomcat] 
05:08:31:760 [main] INFO  o.a.catalina.core.StandardEngine - Starting Servlet engine: [Apache Tomcat/9.0.83] 
05:08:31:929 [main] INFO  o.a.c.c.C.[.[localhost].[/journal] - Initializing Spring embedded WebApplicationContext 
05:08:31:929 [main] INFO  o.s.b.w.s.c.ServletWebServerApplicationContext - Root WebApplicationContext: initialization completed in 2375 ms 
05:08:33:573 [main] INFO  org.mongodb.driver.client - MongoClient with metadata {"driver": {"name": "mongo-java-driver|sync|spring-boot", "version": "4.6.1"}, "os": {"type": "Windows", "name": "Windows 11", "architecture": "amd64", "version": "10.0"}, "platform": "Java/Temurin/1.8.0_452-b09", "application": {"name": "Cluster0"}} created with settings MongoClientSettings{readPreference=primary, writeConcern=WriteConcern{w=majority, wTimeout=null ms, journal=null}, retryWrites=true, retryReads=true, readConcern=ReadConcern{level=null}, credential=MongoCredential{mechanism=null, userName='ajitbaba1003', source='admin', password=<hidden>, mechanismProperties=<hidden>}, streamFactoryFactory=null, commandListeners=[], codecRegistry=ProvidersCodecRegistry{codecProviders=[ValueCodecProvider{}, BsonValueCodecProvider{}, DBRefCodecProvider{}, DBObjectCodecProvider{}, DocumentCodecProvider{}, IterableCodecProvider{}, MapCodecProvider{}, GeoJsonCodecProvider{}, GridFSFileCodecProvider{}, Jsr310CodecProvider{}, JsonObjectCodecProvider{}, BsonCodecProvider{}, EnumCodecProvider{}, com.mongodb.Jep395RecordCodecProvider@19b047fe]}, clusterSettings={hosts=[127.0.0.1:27017], srvHost=cluster0.hs2jbtw.mongodb.net, srvServiceName=mongodb, mode=MULTIPLE, requiredClusterType=REPLICA_SET, requiredReplicaSetName='atlas-6wl3vj-shard-0', serverSelector='null', clusterListeners='[]', serverSelectionTimeout='30000 ms', localThreshold='30000 ms'}, socketSettings=SocketSettings{connectTimeoutMS=10000, readTimeoutMS=0, receiveBufferSize=0, sendBufferSize=0}, heartbeatSocketSettings=SocketSettings{connectTimeoutMS=10000, readTimeoutMS=10000, receiveBufferSize=0, sendBufferSize=0}, connectionPoolSettings=ConnectionPoolSettings{maxSize=100, minSize=0, maxWaitTimeMS=120000, maxConnectionLifeTimeMS=0, maxConnectionIdleTimeMS=0, maintenanceInitialDelayMS=0, maintenanceFrequencyMS=60000, connectionPoolListeners=[], maxConnecting=2}, serverSettings=ServerSettings{heartbeatFrequencyMS=10000, minHeartbeatFrequencyMS=500, serverListeners='[]', serverMonitorListeners='[]'}, sslSettings=SslSettings{enabled=true, invalidHostNameAllowed=false, context=null}, applicationName='Cluster0', compressorList=[], uuidRepresentation=JAVA_LEGACY, serverApi=null, autoEncryptionSettings=null, contextProvider=null} 
05:08:34:239 [main] INFO  org.mongodb.driver.cluster - Cluster description not yet available. Waiting for 30000 ms before timing out 
05:08:34:533 [cluster-ClusterId{value='68a3c56d28a5c53091ab399f', description='null'}-srv-cluster0.hs2jbtw.mongodb.net] INFO  org.mongodb.driver.cluster - Adding discovered server ac-1cf2dfk-shard-00-01.hs2jbtw.mongodb.net:27017 to client view of cluster 
05:08:34:615 [cluster-ClusterId{value='68a3c56d28a5c53091ab399f', description='null'}-srv-cluster0.hs2jbtw.mongodb.net] INFO  org.mongodb.driver.cluster - Adding discovered server ac-1cf2dfk-shard-00-02.hs2jbtw.mongodb.net:27017 to client view of cluster 
05:08:34:619 [cluster-ClusterId{value='68a3c56d28a5c53091ab399f', description='null'}-srv-cluster0.hs2jbtw.mongodb.net] INFO  org.mongodb.driver.cluster - Adding discovered server ac-1cf2dfk-shard-00-00.hs2jbtw.mongodb.net:27017 to client view of cluster 
05:08:34:641 [main] INFO  org.mongodb.driver.cluster - No server chosen by com.mongodb.client.internal.MongoClientDelegate$1@2127e66e from cluster description ClusterDescription{type=REPLICA_SET, connectionMode=MULTIPLE, serverDescriptions=[ServerDescription{address=ac-1cf2dfk-shard-00-01.hs2jbtw.mongodb.net:27017, type=UNKNOWN, state=CONNECTING}, ServerDescription{address=ac-1cf2dfk-shard-00-02.hs2jbtw.mongodb.net:27017, type=UNKNOWN, state=CONNECTING}, ServerDescription{address=ac-1cf2dfk-shard-00-00.hs2jbtw.mongodb.net:27017, type=UNKNOWN, state=CONNECTING}]}. Waiting for 30000 ms before timing out 
05:08:36:102 [cluster-rtt-ClusterId{value='68a3c56d28a5c53091ab399f', description='null'}-ac-1cf2dfk-shard-00-02.hs2jbtw.mongodb.net:27017] INFO  org.mongodb.driver.connection - Opened connection [connectionId{localValue:4, serverValue:32406}] to ac-1cf2dfk-shard-00-02.hs2jbtw.mongodb.net:27017 
05:08:36:102 [cluster-ClusterId{value='68a3c56d28a5c53091ab399f', description='null'}-ac-1cf2dfk-shard-00-02.hs2jbtw.mongodb.net:27017] INFO  org.mongodb.driver.connection - Opened connection [connectionId{localValue:6, serverValue:32406}] to ac-1cf2dfk-shard-00-02.hs2jbtw.mongodb.net:27017 
05:08:36:102 [cluster-rtt-ClusterId{value='68a3c56d28a5c53091ab399f', description='null'}-ac-1cf2dfk-shard-00-01.hs2jbtw.mongodb.net:27017] INFO  org.mongodb.driver.connection - Opened connection [connectionId{localValue:3, serverValue:39520}] to ac-1cf2dfk-shard-00-01.hs2jbtw.mongodb.net:27017 
05:08:36:102 [cluster-rtt-ClusterId{value='68a3c56d28a5c53091ab399f', description='null'}-ac-1cf2dfk-shard-00-00.hs2jbtw.mongodb.net:27017] INFO  org.mongodb.driver.connection - Opened connection [connectionId{localValue:2, serverValue:36607}] to ac-1cf2dfk-shard-00-00.hs2jbtw.mongodb.net:27017 
05:08:36:102 [cluster-ClusterId{value='68a3c56d28a5c53091ab399f', description='null'}-ac-1cf2dfk-shard-00-00.hs2jbtw.mongodb.net:27017] INFO  org.mongodb.driver.connection - Opened connection [connectionId{localValue:5, serverValue:36607}] to ac-1cf2dfk-shard-00-00.hs2jbtw.mongodb.net:27017 
05:08:36:102 [cluster-ClusterId{value='68a3c56d28a5c53091ab399f', description='null'}-ac-1cf2dfk-shard-00-01.hs2jbtw.mongodb.net:27017] INFO  org.mongodb.driver.connection - Opened connection [connectionId{localValue:1, serverValue:39520}] to ac-1cf2dfk-shard-00-01.hs2jbtw.mongodb.net:27017 
05:08:36:104 [cluster-ClusterId{value='68a3c56d28a5c53091ab399f', description='null'}-ac-1cf2dfk-shard-00-00.hs2jbtw.mongodb.net:27017] INFO  org.mongodb.driver.cluster - Monitor thread successfully connected to server with description ServerDescription{address=ac-1cf2dfk-shard-00-00.hs2jbtw.mongodb.net:27017, type=REPLICA_SET_SECONDARY, state=CONNECTED, ok=true, minWireVersion=0, maxWireVersion=25, maxDocumentSize=16777216, logicalSessionTimeoutMinutes=30, roundTripTimeNanos=706011000, setName='atlas-6wl3vj-shard-0', canonicalAddress=ac-1cf2dfk-shard-00-00.hs2jbtw.mongodb.net:27017, hosts=[ac-1cf2dfk-shard-00-01.hs2jbtw.mongodb.net:27017, ac-1cf2dfk-shard-00-02.hs2jbtw.mongodb.net:27017, ac-1cf2dfk-shard-00-00.hs2jbtw.mongodb.net:27017], passives=[], arbiters=[], primary='ac-1cf2dfk-shard-00-01.hs2jbtw.mongodb.net:27017', tagSet=TagSet{[Tag{name='availabilityZone', value='aps1-az1'}, Tag{name='diskState', value='READY'}, Tag{name='nodeType', value='ELECTABLE'}, Tag{name='provider', value='AWS'}, Tag{name='region', value='AP_SOUTH_1'}, Tag{name='workloadType', value='OPERATIONAL'}]}, electionId=null, setVersion=294, topologyVersion=TopologyVersion{processId=68a22947de1488a6f8aca832, counter=4}, lastWriteDate=Tue Aug 19 05:59:35 IST 2025, lastUpdateTimeNanos=322100102359300} 
05:08:36:104 [cluster-ClusterId{value='68a3c56d28a5c53091ab399f', description='null'}-ac-1cf2dfk-shard-00-01.hs2jbtw.mongodb.net:27017] INFO  org.mongodb.driver.cluster - Monitor thread successfully connected to server with description ServerDescription{address=ac-1cf2dfk-shard-00-01.hs2jbtw.mongodb.net:27017, type=REPLICA_SET_PRIMARY, state=CONNECTED, ok=true, minWireVersion=0, maxWireVersion=25, maxDocumentSize=16777216, logicalSessionTimeoutMinutes=30, roundTripTimeNanos=715360600, setName='atlas-6wl3vj-shard-0', canonicalAddress=ac-1cf2dfk-shard-00-01.hs2jbtw.mongodb.net:27017, hosts=[ac-1cf2dfk-shard-00-01.hs2jbtw.mongodb.net:27017, ac-1cf2dfk-shard-00-02.hs2jbtw.mongodb.net:27017, ac-1cf2dfk-shard-00-00.hs2jbtw.mongodb.net:27017], passives=[], arbiters=[], primary='ac-1cf2dfk-shard-00-01.hs2jbtw.mongodb.net:27017', tagSet=TagSet{[Tag{name='availabilityZone', value='aps1-az3'}, Tag{name='diskState', value='READY'}, Tag{name='nodeType', value='ELECTABLE'}, Tag{name='provider', value='AWS'}, Tag{name='region', value='AP_SOUTH_1'}, Tag{name='workloadType', value='OPERATIONAL'}]}, electionId=7fffffff0000000000000120, setVersion=294, topologyVersion=TopologyVersion{processId=68a22bf3eab021e829e2f7a7, counter=6}, lastWriteDate=Tue Aug 19 05:59:35 IST 2025, lastUpdateTimeNanos=322100102363800} 
05:08:36:104 [cluster-ClusterId{value='68a3c56d28a5c53091ab399f', description='null'}-ac-1cf2dfk-shard-00-02.hs2jbtw.mongodb.net:27017] INFO  org.mongodb.driver.cluster - Monitor thread successfully connected to server with description ServerDescription{address=ac-1cf2dfk-shard-00-02.hs2jbtw.mongodb.net:27017, type=REPLICA_SET_SECONDARY, state=CONNECTED, ok=true, minWireVersion=0, maxWireVersion=25, maxDocumentSize=16777216, logicalSessionTimeoutMinutes=30, roundTripTimeNanos=713289200, setName='atlas-6wl3vj-shard-0', canonicalAddress=ac-1cf2dfk-shard-00-02.hs2jbtw.mongodb.net:27017, hosts=[ac-1cf2dfk-shard-00-01.hs2jbtw.mongodb.net:27017, ac-1cf2dfk-shard-00-02.hs2jbtw.mongodb.net:27017, ac-1cf2dfk-shard-00-00.hs2jbtw.mongodb.net:27017], passives=[], arbiters=[], primary='ac-1cf2dfk-shard-00-01.hs2jbtw.mongodb.net:27017', tagSet=TagSet{[Tag{name='availabilityZone', value='aps1-az2'}, Tag{name='diskState', value='READY'}, Tag{name='nodeType', value='ELECTABLE'}, Tag{name='provider', value='AWS'}, Tag{name='region', value='AP_SOUTH_1'}, Tag{name='workloadType', value='OPERATIONAL'}]}, electionId=null, setVersion=294, topologyVersion=TopologyVersion{processId=68a22f258a993b015da10b25, counter=3}, lastWriteDate=Tue Aug 19 05:59:35 IST 2025, lastUpdateTimeNanos=322100102512100} 
05:08:36:117 [cluster-ClusterId{value='68a3c56d28a5c53091ab399f', description='null'}-ac-1cf2dfk-shard-00-01.hs2jbtw.mongodb.net:27017] INFO  org.mongodb.driver.cluster - Setting max election id to 7fffffff0000000000000120 from replica set primary ac-1cf2dfk-shard-00-01.hs2jbtw.mongodb.net:27017 
05:08:36:117 [cluster-ClusterId{value='68a3c56d28a5c53091ab399f', description='null'}-ac-1cf2dfk-shard-00-01.hs2jbtw.mongodb.net:27017] INFO  org.mongodb.driver.cluster - Setting max set version to 294 from replica set primary ac-1cf2dfk-shard-00-01.hs2jbtw.mongodb.net:27017 
05:08:36:117 [cluster-ClusterId{value='68a3c56d28a5c53091ab399f', description='null'}-ac-1cf2dfk-shard-00-01.hs2jbtw.mongodb.net:27017] INFO  org.mongodb.driver.cluster - Discovered replica set primary ac-1cf2dfk-shard-00-01.hs2jbtw.mongodb.net:27017 
05:08:36:702 [main] INFO  org.mongodb.driver.connection - Opened connection [connectionId{localValue:7, serverValue:39376}] to ac-1cf2dfk-shard-00-01.hs2jbtw.mongodb.net:27017 
05:08:37:549 [main] INFO  o.s.s.web.DefaultSecurityFilterChain - Will secure any request with [org.springframework.security.web.session.DisableEncodeUrlFilter@5e9f73b, org.springframework.security.web.context.request.async.WebAsyncManagerIntegrationFilter@1a565afb, org.springframework.security.web.context.SecurityContextPersistenceFilter@20a7953c, org.springframework.security.web.header.HeaderWriterFilter@15f35bc3, org.springframework.security.web.authentication.logout.LogoutFilter@5b7aa898, org.springframework.security.web.authentication.www.BasicAuthenticationFilter@63cf9de0, org.springframework.security.web.savedrequest.RequestCacheAwareFilter@411a5965, org.springframework.security.web.servletapi.SecurityContextHolderAwareRequestFilter@5377414a, org.springframework.security.web.authentication.AnonymousAuthenticationFilter@2fd64b11, org.springframework.security.web.session.SessionManagementFilter@77bc2e16, org.springframework.security.web.access.ExceptionTranslationFilter@34585ac9, org.springframework.security.web.access.intercept.FilterSecurityInterceptor@30893e08] 
05:08:38:173 [main] INFO  o.a.coyote.http11.Http11NioProtocol - Starting ProtocolHandler ["http-nio-8082"] 
05:08:38:207 [main] INFO  o.s.b.w.e.tomcat.TomcatWebServer - Tomcat started on port(s): 8082 (http) with context path '/journal' 
05:08:38:217 [main] INFO  c.ajit.journalApp.JournalApplication - Started JournalApplication in 9.408 seconds (JVM running for 10.193) 
06:08:14:796 [main] INFO  c.ajit.journalApp.JournalApplication - Starting JournalApplication using Java 1.8.0_452 on AJITUPADHYAY with PID 16008 (C:\Users\AJIT UPADHYAY\Downloads\SpringBoot\journalApp\target\classes started by AJIT UPADHYAY in C:\Users\AJIT UPADHYAY\Downloads\SpringBoot\journalApp) 
06:08:14:796 [main] INFO  c.ajit.journalApp.JournalApplication - No active profile set, falling back to 1 default profile: "default" 
06:08:15:767 [main] INFO  o.s.d.r.c.RepositoryConfigurationDelegate - Bootstrapping Spring Data MongoDB repositories in DEFAULT mode. 
06:08:15:876 [main] INFO  o.s.d.r.c.RepositoryConfigurationDelegate - Finished Spring Data repository scanning in 97 ms. Found 2 MongoDB repository interfaces. 
06:08:17:123 [main] INFO  o.s.b.w.e.tomcat.TomcatWebServer - Tomcat initialized with port(s): 8082 (http) 
06:08:17:139 [main] INFO  o.a.coyote.http11.Http11NioProtocol - Initializing ProtocolHandler ["http-nio-8082"] 
06:08:17:155 [main] INFO  o.a.catalina.core.StandardService - Starting service [Tomcat] 
06:08:17:158 [main] INFO  o.a.catalina.core.StandardEngine - Starting Servlet engine: [Apache Tomcat/9.0.83] 
06:08:17:396 [main] INFO  o.a.c.c.C.[.[localhost].[/journal] - Initializing Spring embedded WebApplicationContext 
06:08:17:400 [main] INFO  o.s.b.w.s.c.ServletWebServerApplicationContext - Root WebApplicationContext: initialization completed in 2518 ms 
06:08:18:965 [main] INFO  org.mongodb.driver.client - MongoClient with metadata {"driver": {"name": "mongo-java-driver|sync|spring-boot", "version": "4.6.1"}, "os": {"type": "Windows", "name": "Windows 11", "architecture": "amd64", "version": "10.0"}, "platform": "Java/Temurin/1.8.0_452-b09", "application": {"name": "Cluster0"}} created with settings MongoClientSettings{readPreference=primary, writeConcern=WriteConcern{w=majority, wTimeout=null ms, journal=null}, retryWrites=true, retryReads=true, readConcern=ReadConcern{level=null}, credential=MongoCredential{mechanism=null, userName='ajitbaba1003', source='admin', password=<hidden>, mechanismProperties=<hidden>}, streamFactoryFactory=null, commandListeners=[], codecRegistry=ProvidersCodecRegistry{codecProviders=[ValueCodecProvider{}, BsonValueCodecProvider{}, DBRefCodecProvider{}, DBObjectCodecProvider{}, DocumentCodecProvider{}, IterableCodecProvider{}, MapCodecProvider{}, GeoJsonCodecProvider{}, GridFSFileCodecProvider{}, Jsr310CodecProvider{}, JsonObjectCodecProvider{}, BsonCodecProvider{}, EnumCodecProvider{}, com.mongodb.Jep395RecordCodecProvider@771d1ffb]}, clusterSettings={hosts=[127.0.0.1:27017], srvHost=cluster0.hs2jbtw.mongodb.net, srvServiceName=mongodb, mode=MULTIPLE, requiredClusterType=REPLICA_SET, requiredReplicaSetName='atlas-6wl3vj-shard-0', serverSelector='null', clusterListeners='[]', serverSelectionTimeout='30000 ms', localThreshold='30000 ms'}, socketSettings=SocketSettings{connectTimeoutMS=10000, readTimeoutMS=0, receiveBufferSize=0, sendBufferSize=0}, heartbeatSocketSettings=SocketSettings{connectTimeoutMS=10000, readTimeoutMS=10000, receiveBufferSize=0, sendBufferSize=0}, connectionPoolSettings=ConnectionPoolSettings{maxSize=100, minSize=0, maxWaitTimeMS=120000, maxConnectionLifeTimeMS=0, maxConnectionIdleTimeMS=0, maintenanceInitialDelayMS=0, maintenanceFrequencyMS=60000, connectionPoolListeners=[], maxConnecting=2}, serverSettings=ServerSettings{heartbeatFrequencyMS=10000, minHeartbeatFrequencyMS=500, serverListeners='[]', serverMonitorListeners='[]'}, sslSettings=SslSettings{enabled=true, invalidHostNameAllowed=false, context=null}, applicationName='Cluster0', compressorList=[], uuidRepresentation=JAVA_LEGACY, serverApi=null, autoEncryptionSettings=null, contextProvider=null} 
06:08:19:545 [main] INFO  org.mongodb.driver.cluster - Cluster description not yet available. Waiting for 30000 ms before timing out 
06:08:20:074 [cluster-ClusterId{value='68a3c59a2a270310ec8f2584', description='null'}-srv-cluster0.hs2jbtw.mongodb.net] INFO  org.mongodb.driver.cluster - Adding discovered server ac-1cf2dfk-shard-00-01.hs2jbtw.mongodb.net:27017 to client view of cluster 
06:08:20:143 [cluster-ClusterId{value='68a3c59a2a270310ec8f2584', description='null'}-srv-cluster0.hs2jbtw.mongodb.net] INFO  org.mongodb.driver.cluster - Adding discovered server ac-1cf2dfk-shard-00-02.hs2jbtw.mongodb.net:27017 to client view of cluster 
06:08:20:147 [cluster-ClusterId{value='68a3c59a2a270310ec8f2584', description='null'}-srv-cluster0.hs2jbtw.mongodb.net] INFO  org.mongodb.driver.cluster - Adding discovered server ac-1cf2dfk-shard-00-00.hs2jbtw.mongodb.net:27017 to client view of cluster 
06:08:20:171 [main] INFO  org.mongodb.driver.cluster - No server chosen by com.mongodb.client.internal.MongoClientDelegate$1@31ee2fdb from cluster description ClusterDescription{type=REPLICA_SET, connectionMode=MULTIPLE, serverDescriptions=[ServerDescription{address=ac-1cf2dfk-shard-00-01.hs2jbtw.mongodb.net:27017, type=UNKNOWN, state=CONNECTING}, ServerDescription{address=ac-1cf2dfk-shard-00-02.hs2jbtw.mongodb.net:27017, type=UNKNOWN, state=CONNECTING}, ServerDescription{address=ac-1cf2dfk-shard-00-00.hs2jbtw.mongodb.net:27017, type=UNKNOWN, state=CONNECTING}]}. Waiting for 30000 ms before timing out 
06:08:21:155 [cluster-ClusterId{value='68a3c59a2a270310ec8f2584', description='null'}-ac-1cf2dfk-shard-00-01.hs2jbtw.mongodb.net:27017] INFO  org.mongodb.driver.connection - Opened connection [connectionId{localValue:4, serverValue:39570}] to ac-1cf2dfk-shard-00-01.hs2jbtw.mongodb.net:27017 
06:08:21:181 [cluster-rtt-ClusterId{value='68a3c59a2a270310ec8f2584', description='null'}-ac-1cf2dfk-shard-00-01.hs2jbtw.mongodb.net:27017] INFO  org.mongodb.driver.connection - Opened connection [connectionId{localValue:1, serverValue:39546}] to ac-1cf2dfk-shard-00-01.hs2jbtw.mongodb.net:27017 
06:08:21:155 [cluster-ClusterId{value='68a3c59a2a270310ec8f2584', description='null'}-ac-1cf2dfk-shard-00-00.hs2jbtw.mongodb.net:27017] INFO  org.mongodb.driver.connection - Opened connection [connectionId{localValue:3, serverValue:36642}] to ac-1cf2dfk-shard-00-00.hs2jbtw.mongodb.net:27017 
06:08:21:207 [cluster-ClusterId{value='68a3c59a2a270310ec8f2584', description='null'}-ac-1cf2dfk-shard-00-00.hs2jbtw.mongodb.net:27017] INFO  org.mongodb.driver.cluster - Monitor thread successfully connected to server with description ServerDescription{address=ac-1cf2dfk-shard-00-00.hs2jbtw.mongodb.net:27017, type=REPLICA_SET_SECONDARY, state=CONNECTED, ok=true, minWireVersion=0, maxWireVersion=25, maxDocumentSize=16777216, logicalSessionTimeoutMinutes=30, roundTripTimeNanos=612446700, setName='atlas-6wl3vj-shard-0', canonicalAddress=ac-1cf2dfk-shard-00-00.hs2jbtw.mongodb.net:27017, hosts=[ac-1cf2dfk-shard-00-01.hs2jbtw.mongodb.net:27017, ac-1cf2dfk-shard-00-02.hs2jbtw.mongodb.net:27017, ac-1cf2dfk-shard-00-00.hs2jbtw.mongodb.net:27017], passives=[], arbiters=[], primary='ac-1cf2dfk-shard-00-01.hs2jbtw.mongodb.net:27017', tagSet=TagSet{[Tag{name='availabilityZone', value='aps1-az1'}, Tag{name='diskState', value='READY'}, Tag{name='nodeType', value='ELECTABLE'}, Tag{name='provider', value='AWS'}, Tag{name='region', value='AP_SOUTH_1'}, Tag{name='workloadType', value='OPERATIONAL'}]}, electionId=null, setVersion=294, topologyVersion=TopologyVersion{processId=68a22947de1488a6f8aca832, counter=4}, lastWriteDate=Tue Aug 19 06:00:20 IST 2025, lastUpdateTimeNanos=322145157204200} 
06:08:21:157 [cluster-rtt-ClusterId{value='68a3c59a2a270310ec8f2584', description='null'}-ac-1cf2dfk-shard-00-02.hs2jbtw.mongodb.net:27017] INFO  org.mongodb.driver.connection - Opened connection [connectionId{localValue:5, serverValue:32442}] to ac-1cf2dfk-shard-00-02.hs2jbtw.mongodb.net:27017 
06:08:21:157 [cluster-ClusterId{value='68a3c59a2a270310ec8f2584', description='null'}-ac-1cf2dfk-shard-00-02.hs2jbtw.mongodb.net:27017] INFO  org.mongodb.driver.connection - Opened connection [connectionId{localValue:6, serverValue:32442}] to ac-1cf2dfk-shard-00-02.hs2jbtw.mongodb.net:27017 
06:08:21:186 [cluster-ClusterId{value='68a3c59a2a270310ec8f2584', description='null'}-ac-1cf2dfk-shard-00-01.hs2jbtw.mongodb.net:27017] INFO  org.mongodb.driver.cluster - Monitor thread successfully connected to server with description ServerDescription{address=ac-1cf2dfk-shard-00-01.hs2jbtw.mongodb.net:27017, type=REPLICA_SET_PRIMARY, state=CONNECTED, ok=true, minWireVersion=0, maxWireVersion=25, maxDocumentSize=16777216, logicalSessionTimeoutMinutes=30, roundTripTimeNanos=608337500, setName='atlas-6wl3vj-shard-0', canonicalAddress=ac-1cf2dfk-shard-00-01.hs2jbtw.mongodb.net:27017, hosts=[ac-1cf2dfk-shard-00-01.hs2jbtw.mongodb.net:27017, ac-1cf2dfk-shard-00-02.hs2jbtw.mongodb.net:27017, ac-1cf2dfk-shard-00-00.hs2jbtw.mongodb.net:27017], passives=[], arbiters=[], primary='ac-1cf2dfk-shard-00-01.hs2jbtw.mongodb.net:27017', tagSet=TagSet{[Tag{name='availabilityZone', value='aps1-az3'}, Tag{name='diskState', value='READY'}, Tag{name='nodeType', value='ELECTABLE'}, Tag{name='provider', value='AWS'}, Tag{name='region', value='AP_SOUTH_1'}, Tag{name='workloadType', value='OPERATIONAL'}]}, electionId=7fffffff0000000000000120, setVersion=294, topologyVersion=TopologyVersion{processId=68a22bf3eab021e829e2f7a7, counter=6}, lastWriteDate=Tue Aug 19 06:00:20 IST 2025, lastUpdateTimeNanos=322145154428200} 
06:08:21:195 [cluster-rtt-ClusterId{value='68a3c59a2a270310ec8f2584', description='null'}-ac-1cf2dfk-shard-00-00.hs2jbtw.mongodb.net:27017] INFO  org.mongodb.driver.connection - Opened connection [connectionId{localValue:2, serverValue:36642}] to ac-1cf2dfk-shard-00-00.hs2jbtw.mongodb.net:27017 
06:08:21:212 [cluster-ClusterId{value='68a3c59a2a270310ec8f2584', description='null'}-ac-1cf2dfk-shard-00-02.hs2jbtw.mongodb.net:27017] INFO  org.mongodb.driver.cluster - Monitor thread successfully connected to server with description ServerDescription{address=ac-1cf2dfk-shard-00-02.hs2jbtw.mongodb.net:27017, type=REPLICA_SET_SECONDARY, state=CONNECTED, ok=true, minWireVersion=0, maxWireVersion=25, maxDocumentSize=16777216, logicalSessionTimeoutMinutes=30, roundTripTimeNanos=608860200, setName='atlas-6wl3vj-shard-0', canonicalAddress=ac-1cf2dfk-shard-00-02.hs2jbtw.mongodb.net:27017, hosts=[ac-1cf2dfk-shard-00-01.hs2jbtw.mongodb.net:27017, ac-1cf2dfk-shard-00-02.hs2jbtw.mongodb.net:27017, ac-1cf2dfk-shard-00-00.hs2jbtw.mongodb.net:27017], passives=[], arbiters=[], primary='ac-1cf2dfk-shard-00-01.hs2jbtw.mongodb.net:27017', tagSet=TagSet{[Tag{name='availabilityZone', value='aps1-az2'}, Tag{name='diskState', value='READY'}, Tag{name='nodeType', value='ELECTABLE'}, Tag{name='provider', value='AWS'}, Tag{name='region', value='AP_SOUTH_1'}, Tag{name='workloadType', value='OPERATIONAL'}]}, electionId=null, setVersion=294, topologyVersion=TopologyVersion{processId=68a22f258a993b015da10b25, counter=3}, lastWriteDate=Tue Aug 19 06:00:20 IST 2025, lastUpdateTimeNanos=322145154952900} 
06:08:21:226 [cluster-ClusterId{value='68a3c59a2a270310ec8f2584', description='null'}-ac-1cf2dfk-shard-00-01.hs2jbtw.mongodb.net:27017] INFO  org.mongodb.driver.cluster - Setting max election id to 7fffffff0000000000000120 from replica set primary ac-1cf2dfk-shard-00-01.hs2jbtw.mongodb.net:27017 
06:08:21:231 [cluster-ClusterId{value='68a3c59a2a270310ec8f2584', description='null'}-ac-1cf2dfk-shard-00-01.hs2jbtw.mongodb.net:27017] INFO  org.mongodb.driver.cluster - Setting max set version to 294 from replica set primary ac-1cf2dfk-shard-00-01.hs2jbtw.mongodb.net:27017 
06:08:21:272 [cluster-ClusterId{value='68a3c59a2a270310ec8f2584', description='null'}-ac-1cf2dfk-shard-00-01.hs2jbtw.mongodb.net:27017] INFO  org.mongodb.driver.cluster - Discovered replica set primary ac-1cf2dfk-shard-00-01.hs2jbtw.mongodb.net:27017 
06:08:21:811 [main] INFO  org.mongodb.driver.connection - Opened connection [connectionId{localValue:7, serverValue:39568}] to ac-1cf2dfk-shard-00-01.hs2jbtw.mongodb.net:27017 
06:08:22:711 [main] INFO  o.s.s.web.DefaultSecurityFilterChain - Will secure any request with [org.springframework.security.web.session.DisableEncodeUrlFilter@688a2c09, org.springframework.security.web.context.request.async.WebAsyncManagerIntegrationFilter@5de5e95, org.springframework.security.web.context.SecurityContextPersistenceFilter@1ee27d73, org.springframework.security.web.header.HeaderWriterFilter@20a7953c, org.springframework.security.web.authentication.logout.LogoutFilter@5731d3a, org.springframework.security.web.authentication.www.BasicAuthenticationFilter@314b9e4b, org.springframework.security.web.savedrequest.RequestCacheAwareFilter@542f6803, org.springframework.security.web.servletapi.SecurityContextHolderAwareRequestFilter@5807efad, org.springframework.security.web.authentication.AnonymousAuthenticationFilter@365cdacf, org.springframework.security.web.session.SessionManagementFilter@18a25bbd, org.springframework.security.web.access.ExceptionTranslationFilter@77bc2e16, org.springframework.security.web.access.intercept.FilterSecurityInterceptor@ebe067d] 
06:08:23:434 [main] INFO  o.a.coyote.http11.Http11NioProtocol - Starting ProtocolHandler ["http-nio-8082"] 
06:08:23:486 [main] INFO  o.s.b.w.e.tomcat.TomcatWebServer - Tomcat started on port(s): 8082 (http) with context path '/journal' 
06:08:23:510 [main] INFO  c.ajit.journalApp.JournalApplication - Started JournalApplication in 9.412 seconds (JVM running for 10.185) 
06:08:34:215 [cluster-rtt-ClusterId{value='68a3c59a2a270310ec8f2584', description='null'}-ac-1cf2dfk-shard-00-01.hs2jbtw.mongodb.net:27017] INFO  org.mongodb.driver.connection - Opened connection [connectionId{localValue:8, serverValue:39581}] to ac-1cf2dfk-shard-00-01.hs2jbtw.mongodb.net:27017 
06:08:43:297 [main] INFO  c.ajit.journalApp.JournalApplication - Starting JournalApplication using Java 1.8.0_452 on AJITUPADHYAY with PID 8696 (C:\Users\AJIT UPADHYAY\Downloads\SpringBoot\journalApp\target\classes started by AJIT UPADHYAY in C:\Users\AJIT UPADHYAY\Downloads\SpringBoot\journalApp) 
06:08:43:306 [main] INFO  c.ajit.journalApp.JournalApplication - No active profile set, falling back to 1 default profile: "default" 
06:08:44:309 [main] INFO  o.s.d.r.c.RepositoryConfigurationDelegate - Bootstrapping Spring Data MongoDB repositories in DEFAULT mode. 
06:08:44:414 [main] INFO  o.s.d.r.c.RepositoryConfigurationDelegate - Finished Spring Data repository scanning in 95 ms. Found 2 MongoDB repository interfaces. 
06:08:45:693 [main] INFO  o.s.b.w.e.tomcat.TomcatWebServer - Tomcat initialized with port(s): 8082 (http) 
06:08:45:718 [main] INFO  o.a.coyote.http11.Http11NioProtocol - Initializing ProtocolHandler ["http-nio-8082"] 
06:08:45:718 [main] INFO  o.a.catalina.core.StandardService - Starting service [Tomcat] 
06:08:45:718 [main] INFO  o.a.catalina.core.StandardEngine - Starting Servlet engine: [Apache Tomcat/9.0.83] 
06:08:45:886 [main] INFO  o.a.c.c.C.[.[localhost].[/journal] - Initializing Spring embedded WebApplicationContext 
06:08:45:891 [main] INFO  o.s.b.w.s.c.ServletWebServerApplicationContext - Root WebApplicationContext: initialization completed in 2511 ms 
06:08:47:589 [main] INFO  org.mongodb.driver.client - MongoClient with metadata {"driver": {"name": "mongo-java-driver|sync|spring-boot", "version": "4.6.1"}, "os": {"type": "Windows", "name": "Windows 11", "architecture": "amd64", "version": "10.0"}, "platform": "Java/Temurin/1.8.0_452-b09", "application": {"name": "Cluster0"}} created with settings MongoClientSettings{readPreference=primary, writeConcern=WriteConcern{w=majority, wTimeout=null ms, journal=null}, retryWrites=true, retryReads=true, readConcern=ReadConcern{level=null}, credential=MongoCredential{mechanism=null, userName='ajitbaba1003', source='admin', password=<hidden>, mechanismProperties=<hidden>}, streamFactoryFactory=null, commandListeners=[], codecRegistry=ProvidersCodecRegistry{codecProviders=[ValueCodecProvider{}, BsonValueCodecProvider{}, DBRefCodecProvider{}, DBObjectCodecProvider{}, DocumentCodecProvider{}, IterableCodecProvider{}, MapCodecProvider{}, GeoJsonCodecProvider{}, GridFSFileCodecProvider{}, Jsr310CodecProvider{}, JsonObjectCodecProvider{}, BsonCodecProvider{}, EnumCodecProvider{}, com.mongodb.Jep395RecordCodecProvider@771d1ffb]}, clusterSettings={hosts=[127.0.0.1:27017], srvHost=cluster0.hs2jbtw.mongodb.net, srvServiceName=mongodb, mode=MULTIPLE, requiredClusterType=REPLICA_SET, requiredReplicaSetName='atlas-6wl3vj-shard-0', serverSelector='null', clusterListeners='[]', serverSelectionTimeout='30000 ms', localThreshold='30000 ms'}, socketSettings=SocketSettings{connectTimeoutMS=10000, readTimeoutMS=0, receiveBufferSize=0, sendBufferSize=0}, heartbeatSocketSettings=SocketSettings{connectTimeoutMS=10000, readTimeoutMS=10000, receiveBufferSize=0, sendBufferSize=0}, connectionPoolSettings=ConnectionPoolSettings{maxSize=100, minSize=0, maxWaitTimeMS=120000, maxConnectionLifeTimeMS=0, maxConnectionIdleTimeMS=0, maintenanceInitialDelayMS=0, maintenanceFrequencyMS=60000, connectionPoolListeners=[], maxConnecting=2}, serverSettings=ServerSettings{heartbeatFrequencyMS=10000, minHeartbeatFrequencyMS=500, serverListeners='[]', serverMonitorListeners='[]'}, sslSettings=SslSettings{enabled=true, invalidHostNameAllowed=false, context=null}, applicationName='Cluster0', compressorList=[], uuidRepresentation=JAVA_LEGACY, serverApi=null, autoEncryptionSettings=null, contextProvider=null} 
06:08:48:048 [main] INFO  org.mongodb.driver.cluster - Cluster description not yet available. Waiting for 30000 ms before timing out 
06:08:48:638 [cluster-ClusterId{value='68a3c977ec4bbf37adf372ad', description='null'}-srv-cluster0.hs2jbtw.mongodb.net] INFO  org.mongodb.driver.cluster - Adding discovered server ac-1cf2dfk-shard-00-01.hs2jbtw.mongodb.net:27017 to client view of cluster 
06:08:48:713 [cluster-ClusterId{value='68a3c977ec4bbf37adf372ad', description='null'}-srv-cluster0.hs2jbtw.mongodb.net] INFO  org.mongodb.driver.cluster - Adding discovered server ac-1cf2dfk-shard-00-02.hs2jbtw.mongodb.net:27017 to client view of cluster 
06:08:48:718 [cluster-ClusterId{value='68a3c977ec4bbf37adf372ad', description='null'}-srv-cluster0.hs2jbtw.mongodb.net] INFO  org.mongodb.driver.cluster - Adding discovered server ac-1cf2dfk-shard-00-00.hs2jbtw.mongodb.net:27017 to client view of cluster 
06:08:48:746 [main] INFO  org.mongodb.driver.cluster - No server chosen by com.mongodb.client.internal.MongoClientDelegate$1@31ee2fdb from cluster description ClusterDescription{type=REPLICA_SET, connectionMode=MULTIPLE, serverDescriptions=[ServerDescription{address=ac-1cf2dfk-shard-00-01.hs2jbtw.mongodb.net:27017, type=UNKNOWN, state=CONNECTING}, ServerDescription{address=ac-1cf2dfk-shard-00-02.hs2jbtw.mongodb.net:27017, type=UNKNOWN, state=CONNECTING}, ServerDescription{address=ac-1cf2dfk-shard-00-00.hs2jbtw.mongodb.net:27017, type=UNKNOWN, state=CONNECTING}]}. Waiting for 30000 ms before timing out 
06:08:50:248 [cluster-ClusterId{value='68a3c977ec4bbf37adf372ad', description='null'}-ac-1cf2dfk-shard-00-00.hs2jbtw.mongodb.net:27017] INFO  org.mongodb.driver.connection - Opened connection [connectionId{localValue:3, serverValue:36861}] to ac-1cf2dfk-shard-00-00.hs2jbtw.mongodb.net:27017 
06:08:50:250 [cluster-ClusterId{value='68a3c977ec4bbf37adf372ad', description='null'}-ac-1cf2dfk-shard-00-02.hs2jbtw.mongodb.net:27017] INFO  org.mongodb.driver.connection - Opened connection [connectionId{localValue:4, serverValue:32660}] to ac-1cf2dfk-shard-00-02.hs2jbtw.mongodb.net:27017 
06:08:50:252 [cluster-ClusterId{value='68a3c977ec4bbf37adf372ad', description='null'}-ac-1cf2dfk-shard-00-00.hs2jbtw.mongodb.net:27017] INFO  org.mongodb.driver.cluster - Monitor thread successfully connected to server with description ServerDescription{address=ac-1cf2dfk-shard-00-00.hs2jbtw.mongodb.net:27017, type=REPLICA_SET_SECONDARY, state=CONNECTED, ok=true, minWireVersion=0, maxWireVersion=25, maxDocumentSize=16777216, logicalSessionTimeoutMinutes=30, roundTripTimeNanos=639625300, setName='atlas-6wl3vj-shard-0', canonicalAddress=ac-1cf2dfk-shard-00-00.hs2jbtw.mongodb.net:27017, hosts=[ac-1cf2dfk-shard-00-01.hs2jbtw.mongodb.net:27017, ac-1cf2dfk-shard-00-02.hs2jbtw.mongodb.net:27017, ac-1cf2dfk-shard-00-00.hs2jbtw.mongodb.net:27017], passives=[], arbiters=[], primary='ac-1cf2dfk-shard-00-01.hs2jbtw.mongodb.net:27017', tagSet=TagSet{[Tag{name='availabilityZone', value='aps1-az1'}, Tag{name='diskState', value='READY'}, Tag{name='nodeType', value='ELECTABLE'}, Tag{name='provider', value='AWS'}, Tag{name='region', value='AP_SOUTH_1'}, Tag{name='workloadType', value='OPERATIONAL'}]}, electionId=null, setVersion=294, topologyVersion=TopologyVersion{processId=68a22947de1488a6f8aca832, counter=4}, lastWriteDate=Tue Aug 19 06:16:48 IST 2025, lastUpdateTimeNanos=323134249908800} 
06:08:50:250 [cluster-ClusterId{value='68a3c977ec4bbf37adf372ad', description='null'}-ac-1cf2dfk-shard-00-01.hs2jbtw.mongodb.net:27017] INFO  org.mongodb.driver.connection - Opened connection [connectionId{localValue:2, serverValue:39769}] to ac-1cf2dfk-shard-00-01.hs2jbtw.mongodb.net:27017 
06:08:50:250 [cluster-rtt-ClusterId{value='68a3c977ec4bbf37adf372ad', description='null'}-ac-1cf2dfk-shard-00-02.hs2jbtw.mongodb.net:27017] INFO  org.mongodb.driver.connection - Opened connection [connectionId{localValue:5, serverValue:32660}] to ac-1cf2dfk-shard-00-02.hs2jbtw.mongodb.net:27017 
06:08:50:250 [cluster-rtt-ClusterId{value='68a3c977ec4bbf37adf372ad', description='null'}-ac-1cf2dfk-shard-00-01.hs2jbtw.mongodb.net:27017] INFO  org.mongodb.driver.connection - Opened connection [connectionId{localValue:1, serverValue:39769}] to ac-1cf2dfk-shard-00-01.hs2jbtw.mongodb.net:27017 
06:08:50:250 [cluster-rtt-ClusterId{value='68a3c977ec4bbf37adf372ad', description='null'}-ac-1cf2dfk-shard-00-00.hs2jbtw.mongodb.net:27017] INFO  org.mongodb.driver.connection - Opened connection [connectionId{localValue:6, serverValue:36861}] to ac-1cf2dfk-shard-00-00.hs2jbtw.mongodb.net:27017 
06:08:50:252 [cluster-ClusterId{value='68a3c977ec4bbf37adf372ad', description='null'}-ac-1cf2dfk-shard-00-02.hs2jbtw.mongodb.net:27017] INFO  org.mongodb.driver.cluster - Monitor thread successfully connected to server with description ServerDescription{address=ac-1cf2dfk-shard-00-02.hs2jbtw.mongodb.net:27017, type=REPLICA_SET_SECONDARY, state=CONNECTED, ok=true, minWireVersion=0, maxWireVersion=25, maxDocumentSize=16777216, logicalSessionTimeoutMinutes=30, roundTripTimeNanos=643743900, setName='atlas-6wl3vj-shard-0', canonicalAddress=ac-1cf2dfk-shard-00-02.hs2jbtw.mongodb.net:27017, hosts=[ac-1cf2dfk-shard-00-01.hs2jbtw.mongodb.net:27017, ac-1cf2dfk-shard-00-02.hs2jbtw.mongodb.net:27017, ac-1cf2dfk-shard-00-00.hs2jbtw.mongodb.net:27017], passives=[], arbiters=[], primary='ac-1cf2dfk-shard-00-01.hs2jbtw.mongodb.net:27017', tagSet=TagSet{[Tag{name='availabilityZone', value='aps1-az2'}, Tag{name='diskState', value='READY'}, Tag{name='nodeType', value='ELECTABLE'}, Tag{name='provider', value='AWS'}, Tag{name='region', value='AP_SOUTH_1'}, Tag{name='workloadType', value='OPERATIONAL'}]}, electionId=null, setVersion=294, topologyVersion=TopologyVersion{processId=68a22f258a993b015da10b25, counter=3}, lastWriteDate=Tue Aug 19 06:16:48 IST 2025, lastUpdateTimeNanos=323134254790000} 
06:08:50:253 [cluster-ClusterId{value='68a3c977ec4bbf37adf372ad', description='null'}-ac-1cf2dfk-shard-00-01.hs2jbtw.mongodb.net:27017] INFO  org.mongodb.driver.cluster - Monitor thread successfully connected to server with description ServerDescription{address=ac-1cf2dfk-shard-00-01.hs2jbtw.mongodb.net:27017, type=REPLICA_SET_PRIMARY, state=CONNECTED, ok=true, minWireVersion=0, maxWireVersion=25, maxDocumentSize=16777216, logicalSessionTimeoutMinutes=30, roundTripTimeNanos=640478600, setName='atlas-6wl3vj-shard-0', canonicalAddress=ac-1cf2dfk-shard-00-01.hs2jbtw.mongodb.net:27017, hosts=[ac-1cf2dfk-shard-00-01.hs2jbtw.mongodb.net:27017, ac-1cf2dfk-shard-00-02.hs2jbtw.mongodb.net:27017, ac-1cf2dfk-shard-00-00.hs2jbtw.mongodb.net:27017], passives=[], arbiters=[], primary='ac-1cf2dfk-shard-00-01.hs2jbtw.mongodb.net:27017', tagSet=TagSet{[Tag{name='availabilityZone', value='aps1-az3'}, Tag{name='diskState', value='READY'}, Tag{name='nodeType', value='ELECTABLE'}, Tag{name='provider', value='AWS'}, Tag{name='region', value='AP_SOUTH_1'}, Tag{name='workloadType', value='OPERATIONAL'}]}, electionId=7fffffff0000000000000120, setVersion=294, topologyVersion=TopologyVersion{processId=68a22bf3eab021e829e2f7a7, counter=6}, lastWriteDate=Tue Aug 19 06:16:48 IST 2025, lastUpdateTimeNanos=323134250245300} 
06:08:50:262 [cluster-ClusterId{value='68a3c977ec4bbf37adf372ad', description='null'}-ac-1cf2dfk-shard-00-01.hs2jbtw.mongodb.net:27017] INFO  org.mongodb.driver.cluster - Setting max election id to 7fffffff0000000000000120 from replica set primary ac-1cf2dfk-shard-00-01.hs2jbtw.mongodb.net:27017 
06:08:50:277 [cluster-ClusterId{value='68a3c977ec4bbf37adf372ad', description='null'}-ac-1cf2dfk-shard-00-01.hs2jbtw.mongodb.net:27017] INFO  org.mongodb.driver.cluster - Setting max set version to 294 from replica set primary ac-1cf2dfk-shard-00-01.hs2jbtw.mongodb.net:27017 
06:08:50:280 [cluster-ClusterId{value='68a3c977ec4bbf37adf372ad', description='null'}-ac-1cf2dfk-shard-00-01.hs2jbtw.mongodb.net:27017] INFO  org.mongodb.driver.cluster - Discovered replica set primary ac-1cf2dfk-shard-00-01.hs2jbtw.mongodb.net:27017 
06:08:50:863 [main] INFO  org.mongodb.driver.connection - Opened connection [connectionId{localValue:7, serverValue:39652}] to ac-1cf2dfk-shard-00-01.hs2jbtw.mongodb.net:27017 
06:08:51:849 [main] INFO  o.s.s.web.DefaultSecurityFilterChain - Will secure any request with [org.springframework.security.web.session.DisableEncodeUrlFilter@51dae791, org.springframework.security.web.context.request.async.WebAsyncManagerIntegrationFilter@688a2c09, org.springframework.security.web.context.SecurityContextPersistenceFilter@5d5b9ecb, org.springframework.security.web.header.HeaderWriterFilter@48e8c32a, org.springframework.security.web.authentication.logout.LogoutFilter@2fd954f, org.springframework.security.web.authentication.www.BasicAuthenticationFilter@76e9f00b, org.springframework.security.web.savedrequest.RequestCacheAwareFilter@5e5aafc6, org.springframework.security.web.servletapi.SecurityContextHolderAwareRequestFilter@5583098b, org.springframework.security.web.authentication.AnonymousAuthenticationFilter@5de5e95, org.springframework.security.web.session.SessionManagementFilter@71b639d0, org.springframework.security.web.access.ExceptionTranslationFilter@7c51782d, org.springframework.security.web.access.intercept.FilterSecurityInterceptor@7cf78c85] 
06:08:52:354 [main] INFO  o.a.coyote.http11.Http11NioProtocol - Starting ProtocolHandler ["http-nio-8082"] 
06:08:52:389 [main] INFO  o.s.b.w.e.tomcat.TomcatWebServer - Tomcat started on port(s): 8082 (http) with context path '/journal' 
06:08:52:405 [main] INFO  c.ajit.journalApp.JournalApplication - Started JournalApplication in 9.726 seconds (JVM running for 10.471) 
06:08:32:350 [main] ERROR o.s.boot.SpringApplication - Application run failed 
java.lang.IllegalStateException: java.lang.IllegalStateException: Logback configuration error detected: 
ERROR in ch.qos.logback.core.rolling.RollingFileAppender[myFileAppender] - File property must be set before any triggeringPolicy or rollingPolicy properties
ERROR in ch.qos.logback.core.rolling.RollingFileAppender[myFileAppender] - For more information, please visit http://logback.qos.ch/codes.html#rfa_file_after
	at org.springframework.boot.context.logging.LoggingApplicationListener.initializeSystem(LoggingApplicationListener.java:344)
	at org.springframework.boot.context.logging.LoggingApplicationListener.initialize(LoggingApplicationListener.java:298)
	at org.springframework.boot.context.logging.LoggingApplicationListener.onApplicationEnvironmentPreparedEvent(LoggingApplicationListener.java:246)
	at org.springframework.boot.context.logging.LoggingApplicationListener.onApplicationEvent(LoggingApplicationListener.java:223)
	at org.springframework.context.event.SimpleApplicationEventMulticaster.doInvokeListener(SimpleApplicationEventMulticaster.java:178)
	at org.springframework.context.event.SimpleApplicationEventMulticaster.invokeListener(SimpleApplicationEventMulticaster.java:171)
	at org.springframework.context.event.SimpleApplicationEventMulticaster.multicastEvent(SimpleApplicationEventMulticaster.java:145)
	at org.springframework.context.event.SimpleApplicationEventMulticaster.multicastEvent(SimpleApplicationEventMulticaster.java:133)
	at org.springframework.boot.context.event.EventPublishingRunListener.environmentPrepared(EventPublishingRunListener.java:85)
	at org.springframework.boot.SpringApplicationRunListeners.lambda$environmentPrepared$2(SpringApplicationRunListeners.java:66)
	at java.util.ArrayList.forEach(ArrayList.java:1259)
	at org.springframework.boot.SpringApplicationRunListeners.doWithListeners(SpringApplicationRunListeners.java:120)
	at org.springframework.boot.SpringApplicationRunListeners.doWithListeners(SpringApplicationRunListeners.java:114)
	at org.springframework.boot.SpringApplicationRunListeners.environmentPrepared(SpringApplicationRunListeners.java:65)
	at org.springframework.boot.SpringApplication.prepareEnvironment(SpringApplication.java:344)
	at org.springframework.boot.SpringApplication.run(SpringApplication.java:302)
	at org.springframework.boot.SpringApplication.run(SpringApplication.java:1300)
	at org.springframework.boot.SpringApplication.run(SpringApplication.java:1289)
	at com.ajit.journalApp.JournalApplication.main(JournalApplication.java:16)
Caused by: java.lang.IllegalStateException: Logback configuration error detected: 
ERROR in ch.qos.logback.core.rolling.RollingFileAppender[myFileAppender] - File property must be set before any triggeringPolicy or rollingPolicy properties
ERROR in ch.qos.logback.core.rolling.RollingFileAppender[myFileAppender] - For more information, please visit http://logback.qos.ch/codes.html#rfa_file_after
	at org.springframework.boot.logging.logback.LogbackLoggingSystem.reportConfigurationErrorsIfNecessary(LogbackLoggingSystem.java:189)
	at org.springframework.boot.logging.logback.LogbackLoggingSystem.loadConfiguration(LogbackLoggingSystem.java:170)
	at org.springframework.boot.logging.logback.LogbackLoggingSystem.reinitialize(LogbackLoggingSystem.java:243)
	at org.springframework.boot.logging.AbstractLoggingSystem.initializeWithConventions(AbstractLoggingSystem.java:73)
	at org.springframework.boot.logging.AbstractLoggingSystem.initialize(AbstractLoggingSystem.java:60)
	at org.springframework.boot.logging.logback.LogbackLoggingSystem.initialize(LogbackLoggingSystem.java:132)
	at org.springframework.boot.context.logging.LoggingApplicationListener.initializeSystem(LoggingApplicationListener.java:329)
	... 18 common frames omitted
06:08:13:475 [main] ERROR o.s.boot.SpringApplication - Application run failed 
java.lang.IllegalStateException: java.lang.IllegalStateException: Logback configuration error detected: 
ERROR in ch.qos.logback.core.rolling.RollingFileAppender[myFileAppender] - File property must be set before any triggeringPolicy or rollingPolicy properties
ERROR in ch.qos.logback.core.rolling.RollingFileAppender[myFileAppender] - For more information, please visit http://logback.qos.ch/codes.html#rfa_file_after
	at org.springframework.boot.context.logging.LoggingApplicationListener.initializeSystem(LoggingApplicationListener.java:344)
	at org.springframework.boot.context.logging.LoggingApplicationListener.initialize(LoggingApplicationListener.java:298)
	at org.springframework.boot.context.logging.LoggingApplicationListener.onApplicationEnvironmentPreparedEvent(LoggingApplicationListener.java:246)
	at org.springframework.boot.context.logging.LoggingApplicationListener.onApplicationEvent(LoggingApplicationListener.java:223)
	at org.springframework.context.event.SimpleApplicationEventMulticaster.doInvokeListener(SimpleApplicationEventMulticaster.java:178)
	at org.springframework.context.event.SimpleApplicationEventMulticaster.invokeListener(SimpleApplicationEventMulticaster.java:171)
	at org.springframework.context.event.SimpleApplicationEventMulticaster.multicastEvent(SimpleApplicationEventMulticaster.java:145)
	at org.springframework.context.event.SimpleApplicationEventMulticaster.multicastEvent(SimpleApplicationEventMulticaster.java:133)
	at org.springframework.boot.context.event.EventPublishingRunListener.environmentPrepared(EventPublishingRunListener.java:85)
	at org.springframework.boot.SpringApplicationRunListeners.lambda$environmentPrepared$2(SpringApplicationRunListeners.java:66)
	at java.util.ArrayList.forEach(ArrayList.java:1259)
	at org.springframework.boot.SpringApplicationRunListeners.doWithListeners(SpringApplicationRunListeners.java:120)
	at org.springframework.boot.SpringApplicationRunListeners.doWithListeners(SpringApplicationRunListeners.java:114)
	at org.springframework.boot.SpringApplicationRunListeners.environmentPrepared(SpringApplicationRunListeners.java:65)
	at org.springframework.boot.SpringApplication.prepareEnvironment(SpringApplication.java:344)
	at org.springframework.boot.SpringApplication.run(SpringApplication.java:302)
	at org.springframework.boot.SpringApplication.run(SpringApplication.java:1300)
	at org.springframework.boot.SpringApplication.run(SpringApplication.java:1289)
	at com.ajit.journalApp.JournalApplication.main(JournalApplication.java:16)
Caused by: java.lang.IllegalStateException: Logback configuration error detected: 
ERROR in ch.qos.logback.core.rolling.RollingFileAppender[myFileAppender] - File property must be set before any triggeringPolicy or rollingPolicy properties
ERROR in ch.qos.logback.core.rolling.RollingFileAppender[myFileAppender] - For more information, please visit http://logback.qos.ch/codes.html#rfa_file_after
	at org.springframework.boot.logging.logback.LogbackLoggingSystem.reportConfigurationErrorsIfNecessary(LogbackLoggingSystem.java:189)
	at org.springframework.boot.logging.logback.LogbackLoggingSystem.loadConfiguration(LogbackLoggingSystem.java:170)
	at org.springframework.boot.logging.logback.LogbackLoggingSystem.reinitialize(LogbackLoggingSystem.java:243)
	at org.springframework.boot.logging.AbstractLoggingSystem.initializeWithConventions(AbstractLoggingSystem.java:73)
	at org.springframework.boot.logging.AbstractLoggingSystem.initialize(AbstractLoggingSystem.java:60)
	at org.springframework.boot.logging.logback.LogbackLoggingSystem.initialize(LogbackLoggingSystem.java:132)
	at org.springframework.boot.context.logging.LoggingApplicationListener.initializeSystem(LoggingApplicationListener.java:329)
	... 18 common frames omitted
